Unity Editor version:    2020.3.23f1 (c5d91304a876)
Branch:                  2020.3/staging
Build type:              Release
Batch mode:              YES
macOS version:           Version 12.0.1 (Build 21A559)
Darwin version:          21.1.0
Architecture:            x86_64
Running under Rosetta:   YES
Available memory:        8192 MB
Using pre-set license
Pro License: NO

COMMAND LINE ARGUMENTS:
/Users/kodamahideaki/Desktop/2020.3.23f1/Unity.app/Contents/MacOS/Unity
-adb2
-batchMode
-noUpm
-name
AssetImportWorker0
-projectPath
/Users/kodamahideaki/Documents/GitHub/shooting-pinball-game/pinball
-logFile
Logs/AssetImportWorker0.log
-srvPort
49647
Successfully changed project path to: /Users/kodamahideaki/Documents/GitHub/shooting-pinball-game/pinball
/Users/kodamahideaki/Documents/GitHub/shooting-pinball-game/pinball
Using Asset Import Pipeline V2.
Refreshing native plugins compatible for Editor in 68.15 ms, found 3 plugins.
Preloading 0 native plugins for Editor in 0.00 ms.
Initialize engine version: 2020.3.23f1 (c5d91304a876)
[Subsystems] Discovering subsystems at path /Users/kodamahideaki/Desktop/2020.3.23f1/Unity.app/Contents/Resources/UnitySubsystems
[Subsystems] Discovering subsystems at path /Users/kodamahideaki/Documents/GitHub/shooting-pinball-game/pinball/Assets
GfxDevice: creating device client; threaded=0
2022-01-13 11:29:22.194 Unity[59934:4908810] (null) preferred device: Apple M1 (high power)
2022-01-13 11:29:22.194 Unity[59934:4908810] Metal devices available: 1
2022-01-13 11:29:22.194 Unity[59934:4908810] 0: Apple M1 (high power)
2022-01-13 11:29:22.194 Unity[59934:4908810] Using device Apple M1 (high power)
Initializing Metal device caps: Apple M1
Initialize mono
Mono path[0] = '/Users/kodamahideaki/Desktop/2020.3.23f1/Unity.app/Contents/Managed'
Mono path[1] = '/Users/kodamahideaki/Desktop/2020.3.23f1/Unity.app/Contents/MonoBleedingEdge/lib/mono/unityjit'
Mono config path = '/Users/kodamahideaki/Desktop/2020.3.23f1/Unity.app/Contents/MonoBleedingEdge/etc'
Using monoOptions --debugger-agent=transport=dt_socket,embedding=1,server=y,suspend=n,address=127.0.0.1:56934
Begin MonoManager ReloadAssembly
Registering precompiled unity dll's ...
Register platform support module: /Users/kodamahideaki/Desktop/2020.3.23f1/Unity.app/Contents/PlaybackEngines/MacStandaloneSupport/UnityEditor.OSXStandalone.Extensions.dll
Registered in 0.001059 seconds.
Native extension for OSXStandalone target not found
Refreshing native plugins compatible for Editor in 44.64 ms, found 3 plugins.
Preloading 0 native plugins for Editor in 0.00 ms.
Mono: successfully reloaded assembly
- Completed reload, in  1.218 seconds
Domain Reload Profiling:
	ReloadAssembly (1218ms)
		BeginReloadAssembly (112ms)
			ExecutionOrderSort (0ms)
			DisableScriptedObjects (0ms)
			BackupInstance (0ms)
			ReleaseScriptingObjects (0ms)
			CreateAndSetChildDomain (3ms)
		EndReloadAssembly (987ms)
			LoadAssemblies (109ms)
			RebuildTransferFunctionScriptingTraits (1ms)
			SetupTypeCache (176ms)
			ReleaseScriptCaches (0ms)
			RebuildScriptCaches (39ms)
			SetupLoadedEditorAssemblies (499ms)
				LogAssemblyErrors (0ms)
				InitializePlatformSupportModulesInManaged (13ms)
				SetLoadedEditorAssemblies (0ms)
				RefreshPlugins (45ms)
				BeforeProcessingInitializeOnLoad (22ms)
				ProcessInitializeOnLoadAttributes (312ms)
				ProcessInitializeOnLoadMethodAttributes (106ms)
				AfterProcessingInitializeOnLoad (0ms)
				EditorAssembliesLoaded (1ms)
			ExecutionOrderSort2 (0ms)
			AwakeInstancesAfterBackupRestoration (0ms)
Platform modules already initialized, skipping
Registering precompiled user dll's ...
Registered in 0.003743 seconds.
Begin MonoManager ReloadAssembly
Native extension for OSXStandalone target not found
Refreshing native plugins compatible for Editor in 40.22 ms, found 3 plugins.
Preloading 0 native plugins for Editor in 0.00 ms.
Mono: successfully reloaded assembly
- Completed reload, in  2.137 seconds
Domain Reload Profiling:
	ReloadAssembly (2139ms)
		BeginReloadAssembly (245ms)
			ExecutionOrderSort (0ms)
			DisableScriptedObjects (28ms)
			BackupInstance (0ms)
			ReleaseScriptingObjects (0ms)
			CreateAndSetChildDomain (31ms)
		EndReloadAssembly (1809ms)
			LoadAssemblies (197ms)
			RebuildTransferFunctionScriptingTraits (0ms)
			SetupTypeCache (344ms)
			ReleaseScriptCaches (0ms)
			RebuildScriptCaches (53ms)
			SetupLoadedEditorAssemblies (929ms)
				LogAssemblyErrors (0ms)
				InitializePlatformSupportModulesInManaged (8ms)
				SetLoadedEditorAssemblies (0ms)
				RefreshPlugins (40ms)
				BeforeProcessingInitializeOnLoad (114ms)
				ProcessInitializeOnLoadAttributes (719ms)
				ProcessInitializeOnLoadMethodAttributes (47ms)
				AfterProcessingInitializeOnLoad (1ms)
				EditorAssembliesLoaded (0ms)
			ExecutionOrderSort2 (0ms)
			AwakeInstancesAfterBackupRestoration (31ms)
Platform modules already initialized, skipping
Validating Project structure ... 0.000122 seconds.
Shader import version has changed; will reimport all shaders...
Upgrading shader files ...0.000145 seconds.
Application.AssetDatabase Initial Script Refresh Start
RefreshInfo: InitialScriptRefreshV2(NoUpdateAssetOptions) scanfilter:  ... 1 filters
RefreshProfiler: Total: 0.000ms
Application.AssetDatabase Initial Script Refresh End
Application.AssetDatabase.Refresh Start
Application.AssetDatabase.Refresh End
RefreshInfo: StopAssetImportingV2(ForceSynchronousImport) scanfilter: 
RefreshProfiler: Total: 0.000ms
Launching external process: /Users/kodamahideaki/Desktop/2020.3.23f1/Unity.app/Contents/Tools/UnityShaderCompiler
Launched and connected shader compiler UnityShaderCompiler after 0.18 seconds
Initializing Unity extensions:
2022-01-13 11:29:27.106 Unity[59934:4908810] NSEventModifierFlagFunction specified to -setKeyEquivalentModifierMask: for item <NSMenuItem: 0x600002f8f800 Font Asset, ke='Command-F12'>, but is only supported for system-provided menu items; will not be used
2022-01-13 11:29:27.109 Unity[59934:4908810] NSEventModifierFlagFunction specified to -setKeyEquivalentModifierMask: for item <NSMenuItem: 0x600002f90bd0 Font Asset, ke='Command-F12'>, but is only supported for system-provided menu items; will not be used
========================================================================
Worker process is ready to serve import requests
Refreshing native plugins compatible for Editor in 0.28 ms, found 3 plugins.
Preloading 0 native plugins for Editor in 0.00 ms.
Unloading 2193 Unused Serialized files (Serialized files now loaded: 0)
System memory in use before: 226.1 MB.
System memory in use after: 225.3 MB.

Unloading 101 unused Assets to reduce memory usage. Loaded Objects now: 2666.
Total: 3.855542 ms (FindLiveObjects: 0.158167 ms CreateObjectMapping: 0.042583 ms MarkObjects: 3.247667 ms  DeleteObjects: 0.406292 ms)

AssetImportParameters requested are different than current active one (requested -> active):
  custom:video-decoder-ogg-theora: a1e56fd34408186e4bbccfd4996cb3dc -> 
  custom:container-muxer-webm: aa71ff27fc2769a1b78a27578f13a17b -> 
  custom:container-demuxer-webm: 4f35f7cbe854078d1ac9338744f61a02 -> 
  custom:container-demuxer-ogg: 62fdf1f143b41e24485cea50d1cbac27 -> 
  custom:video-encoder-webm-vp8: eb34c28f22e8b96e1ab97ce403110664 -> 
  custom:framework-osx-AVFoundation: e770b220cccbd017edd2c1fefb359320 -> 
  custom:video-decoder-webm-vp8: 9c59270c3fd7afecdb556c50c9e8de78 -> 
  custom:audio-decoder-ogg-vorbis: bf7c407c2cedff20999df2af8eb42d56 -> 
  custom:audio-encoder-webm-vorbis: bf7c407c2cedff20999df2af8eb42d56 -> 
========================================================================
Received Import Request.
  path: Assets/Main Camera.prefab
  artifactKey: Guid(9c171af965a4b499389f2db6955e10eb) Importer(815301076,1909f56bfc062723c751e8b465ee728b)
Start importing Assets/Main Camera.prefab using Guid(9c171af965a4b499389f2db6955e10eb) Importer(815301076,1909f56bfc062723c751e8b465ee728b)  -> (artifact id: 'cc33d8e14b61184a3e123a06dd100f53') in 0.791619 seconds 
  Import took 0.796668 seconds .

